<?xml version="1.0" encoding="UTF-8"?>
<robot generator="Robot 6.1.1 (Python 3.11.4 on win32)" generated="20230817 17:28:37.138" rpa="false" schemaversion="4">
<suite id="s1" name="Installation" source="C:\Users\nhtnguyen\PycharmProjects\Automation_ToolE\TestCase\Installation.robot">
<test id="s1-t1" name="Installation ToolE module" line="12">
<kw name="Open Browser, Log in and verify landing page">
<kw name="Open Browser" library="SeleniumLibrary">
<arg>${URL}</arg>
<arg>${BROWSER}</arg>
<doc>Opens a new browser instance to the optional ``url``.</doc>
<msg timestamp="20230817 17:28:37.638" level="INFO">Opening browser 'Chrome' to base url 'http://presta804.local/admin804'.</msg>
<msg timestamp="20230817 17:28:38.581" level="WARN">The chromedriver version (115.0.5790.170) detected in PATH at C:\Users\nhtnguyen\Browserdriver\chromedriver-win64\chromedriver.exe might not be compatible with the detected chrome version (116.0.5845.97); currently, chromedriver 116.0.5845.96 is recommended for chrome 116.*, so it is advised to delete the driver in PATH and retry</msg>
<status status="PASS" starttime="20230817 17:28:37.637" endtime="20230817 17:28:42.952"/>
</kw>
<kw name="Maximize Browser Window" library="SeleniumLibrary">
<doc>Maximizes current browser window.</doc>
<status status="PASS" starttime="20230817 17:28:42.952" endtime="20230817 17:28:43.091"/>
</kw>
<kw name="Page Should Contain Element" library="SeleniumLibrary">
<arg>xpath://*[@id="logo"]</arg>
<doc>Verifies that element ``locator`` is found on the current page.</doc>
<msg timestamp="20230817 17:28:43.109" level="INFO">Current page contains element 'xpath://*[@id="logo"]'.</msg>
<status status="PASS" starttime="20230817 17:28:43.091" endtime="20230817 17:28:43.110"/>
</kw>
<kw name="Input Text" library="SeleniumLibrary">
<arg>xpath://*[@id="email"]</arg>
<arg>tester@inter-soft.com</arg>
<doc>Types the given ``text`` into the text field identified by ``locator``.</doc>
<msg timestamp="20230817 17:28:43.112" level="INFO">Typing text 'tester@inter-soft.com' into text field 'xpath://*[@id="email"]'.</msg>
<status status="PASS" starttime="20230817 17:28:43.110" endtime="20230817 17:28:43.252"/>
</kw>
<kw name="Input Password" library="SeleniumLibrary">
<arg>xpath://*[@id="passwd"]</arg>
<arg>Nguyen@211220</arg>
<doc>Types the given password into the text field identified by ``locator``.</doc>
<msg timestamp="20230817 17:28:43.253" level="INFO">Typing password into text field 'xpath://*[@id="passwd"]'.</msg>
<msg timestamp="20230817 17:28:43.289" level="INFO">Temporally setting log level to: NONE</msg>
<msg timestamp="20230817 17:28:43.365" level="INFO">Log level changed from NONE to INFO.</msg>
<status status="PASS" starttime="20230817 17:28:43.252" endtime="20230817 17:28:43.365"/>
</kw>
<kw name="Click Button" library="SeleniumLibrary">
<arg>xpath://*[@id="submit_login"]</arg>
<doc>Clicks the button identified by ``locator``.</doc>
<msg timestamp="20230817 17:28:43.366" level="INFO">Clicking button 'xpath://*[@id="submit_login"]'.</msg>
<status status="PASS" starttime="20230817 17:28:43.365" endtime="20230817 17:28:43.449"/>
</kw>
<kw name="Wait Until Element Is Visible" library="SeleniumLibrary">
<arg>xpath://*[@id="content"]/div[1]/div/div/h1</arg>
<doc>Waits until the element ``locator`` is visible.</doc>
<status status="PASS" starttime="20230817 17:28:43.449" endtime="20230817 17:28:56.847"/>
</kw>
<status status="PASS" starttime="20230817 17:28:37.636" endtime="20230817 17:28:56.848"/>
</kw>
<kw name="Click Element" library="SeleniumLibrary">
<arg>xpath://*[@id="subtab-AdminParentModulesSf"]/a</arg>
<doc>Click the element identified by ``locator``.</doc>
<msg timestamp="20230817 17:28:56.850" level="INFO">Clicking element 'xpath://*[@id="subtab-AdminParentModulesSf"]/a'.</msg>
<status status="PASS" starttime="20230817 17:28:56.848" endtime="20230817 17:29:07.409"/>
</kw>
<kw name="Click Element" library="SeleniumLibrary">
<arg>xpath://*[@id="subtab-AdminModulesSf"]/a</arg>
<doc>Click the element identified by ``locator``.</doc>
<msg timestamp="20230817 17:29:07.410" level="INFO">Clicking element 'xpath://*[@id="subtab-AdminModulesSf"]/a'.</msg>
<status status="PASS" starttime="20230817 17:29:07.409" endtime="20230817 17:29:13.616"/>
</kw>
<kw name="Wait Until Element Is Visible" library="SeleniumLibrary">
<arg>xpath://*[@id="page-header-desc-configuration-add_module"]</arg>
<doc>Waits until the element ``locator`` is visible.</doc>
<status status="PASS" starttime="20230817 17:29:13.616" endtime="20230817 17:29:13.677"/>
</kw>
<kw name="Click Link" library="SeleniumLibrary">
<arg>xpath://*[@id="page-header-desc-configuration-add_module"]</arg>
<doc>Clicks a link identified by ``locator``.</doc>
<msg timestamp="20230817 17:29:13.679" level="INFO">Clicking link 'xpath://*[@id="page-header-desc-configuration-add_module"]'.</msg>
<status status="PASS" starttime="20230817 17:29:13.677" endtime="20230817 17:29:13.812"/>
</kw>
<kw name="Wait Until Element Is Visible" library="SeleniumLibrary">
<arg>xpath://*[@id="module-modal-import"]/div/div/div[1]/h4</arg>
<doc>Waits until the element ``locator`` is visible.</doc>
<status status="PASS" starttime="20230817 17:29:13.812" endtime="20230817 17:29:14.128"/>
</kw>
<kw name="Choose File" library="SeleniumLibrary">
<arg>xpath://*[@id="importDropzone"]/input</arg>
<arg>${FILE_PATH}</arg>
<doc>Inputs the ``file_path`` into the file input field ``locator``.</doc>
<msg timestamp="20230817 17:29:14.130" level="INFO">Sending C:\Users\nhtnguyen\PycharmProjects\Automation_ToolE\ATM_modules\tooleamazonmarkettool_1.1.0.zip to browser.</msg>
<status status="PASS" starttime="20230817 17:29:14.128" endtime="20230817 17:29:14.206"/>
</kw>
<kw name="Sleep" library="BuiltIn">
<arg>1 minutes</arg>
<doc>Pauses the test executed for the given time.</doc>
<msg timestamp="20230817 17:30:14.245" level="INFO">Slept 1 minute</msg>
<status status="PASS" starttime="20230817 17:29:14.206" endtime="20230817 17:30:14.246"/>
</kw>
<kw name="Click Element" library="SeleniumLibrary">
<arg>xpath://*[@class="module-import-success-configure btn btn-primary-reverse btn-outline-primary light-button"]</arg>
<doc>Click the element identified by ``locator``.</doc>
<msg timestamp="20230817 17:30:14.248" level="INFO">Clicking element 'xpath://*[@class="module-import-success-configure btn btn-primary-reverse btn-outline-primary light-button"]'.</msg>
<status status="PASS" starttime="20230817 17:30:14.246" endtime="20230817 17:30:56.410"/>
</kw>
<kw name="Sleep" library="BuiltIn">
<arg>1 minutes</arg>
<doc>Pauses the test executed for the given time.</doc>
<msg timestamp="20230817 17:31:56.413" level="INFO">Slept 1 minute</msg>
<status status="PASS" starttime="20230817 17:30:56.411" endtime="20230817 17:31:56.414"/>
</kw>
<kw name="Page Should Contain Element" library="SeleniumLibrary">
<arg>xpath://*[@id="tooleamazonmarkettool_form"]/div/div[1]/ul/li[1]/a</arg>
<doc>Verifies that element ``locator`` is found on the current page.</doc>
<msg timestamp="20230817 17:31:56.624" level="INFO" html="true">&lt;/td&gt;&lt;/tr&gt;&lt;tr&gt;&lt;td colspan="3"&gt;&lt;a href="selenium-screenshot-1.png"&gt;&lt;img src="selenium-screenshot-1.png" width="800px"&gt;&lt;/a&gt;</msg>
<msg timestamp="20230817 17:31:56.624" level="FAIL">Page should have contained element 'xpath://*[@id="tooleamazonmarkettool_form"]/div/div[1]/ul/li[1]/a' but did not.</msg>
<status status="FAIL" starttime="20230817 17:31:56.415" endtime="20230817 17:31:56.641"/>
</kw>
<status status="FAIL" starttime="20230817 17:28:37.635" endtime="20230817 17:31:56.641">Page should have contained element 'xpath://*[@id="tooleamazonmarkettool_form"]/div/div[1]/ul/li[1]/a' but did not.</status>
</test>
<test id="s1-t2" name="Navigate to all pages" line="33">
<kw name="Click Element" library="SeleniumLibrary">
<arg>xpath://*[@id="tooleamazonmarkettool_form"]/div/div[1]/ul/li[2]/a</arg>
<doc>Click the element identified by ``locator``.</doc>
<msg timestamp="20230817 17:31:56.644" level="INFO">Clicking element 'xpath://*[@id="tooleamazonmarkettool_form"]/div/div[1]/ul/li[2]/a'.</msg>
<msg timestamp="20230817 17:31:56.890" level="INFO" html="true">&lt;/td&gt;&lt;/tr&gt;&lt;tr&gt;&lt;td colspan="3"&gt;&lt;a href="selenium-screenshot-2.png"&gt;&lt;img src="selenium-screenshot-2.png" width="800px"&gt;&lt;/a&gt;</msg>
<msg timestamp="20230817 17:31:56.891" level="FAIL">Element with locator 'xpath://*[@id="tooleamazonmarkettool_form"]/div/div[1]/ul/li[2]/a' not found.</msg>
<status status="FAIL" starttime="20230817 17:31:56.643" endtime="20230817 17:31:56.893"/>
</kw>
<kw name="Page Should Contain" library="SeleniumLibrary">
<arg>Associate your shop with a PrestaShop account</arg>
<doc>Verifies that current page contains ``text``.</doc>
<status status="NOT RUN" starttime="20230817 17:31:56.894" endtime="20230817 17:31:56.894"/>
</kw>
<kw name="Click Element" library="SeleniumLibrary">
<arg>xpath://*[@id="tooleamazonmarkettool_form"]/div/div[1]/ul/li[3]/a</arg>
<doc>Click the element identified by ``locator``.</doc>
<status status="NOT RUN" starttime="20230817 17:31:56.894" endtime="20230817 17:31:56.895"/>
</kw>
<kw name="Page Should Contain Element" library="SeleniumLibrary">
<arg>xpath://*[@id="eu-west-1_enable"]</arg>
<doc>Verifies that element ``locator`` is found on the current page.</doc>
<status status="NOT RUN" starttime="20230817 17:31:56.895" endtime="20230817 17:31:56.895"/>
</kw>
<kw name="Click Element" library="SeleniumLibrary">
<arg>xpath://*[@id="eu-west-1_enable"]</arg>
<doc>Click the element identified by ``locator``.</doc>
<status status="NOT RUN" starttime="20230817 17:31:56.896" endtime="20230817 17:31:56.896"/>
</kw>
<kw name="Page Should Contain" library="SeleniumLibrary">
<arg>Seller Central Authoirization</arg>
<doc>Verifies that current page contains ``text``.</doc>
<status status="NOT RUN" starttime="20230817 17:31:56.896" endtime="20230817 17:31:56.897"/>
</kw>
<kw name="Click Element" library="SeleniumLibrary">
<arg>xpath://*[@id="tooleamazonmarkettool_form"]/div/div[1]/ul/li[4]/a</arg>
<doc>Click the element identified by ``locator``.</doc>
<status status="NOT RUN" starttime="20230817 17:31:56.897" endtime="20230817 17:31:56.897"/>
</kw>
<kw name="Page Should Contain Element" library="SeleniumLibrary">
<arg>xpath://*[@id="us-east-1_enable"]</arg>
<doc>Verifies that element ``locator`` is found on the current page.</doc>
<status status="NOT RUN" starttime="20230817 17:31:56.898" endtime="20230817 17:31:56.898"/>
</kw>
<kw name="Click Element" library="SeleniumLibrary">
<arg>xpath://*[@id="us-east-1_enable"]</arg>
<doc>Click the element identified by ``locator``.</doc>
<status status="NOT RUN" starttime="20230817 17:31:56.898" endtime="20230817 17:31:56.899"/>
</kw>
<kw name="Page Should Contain" library="SeleniumLibrary">
<arg>Seller Central Authoirization</arg>
<doc>Verifies that current page contains ``text``.</doc>
<status status="NOT RUN" starttime="20230817 17:31:56.899" endtime="20230817 17:31:56.899"/>
</kw>
<kw name="Click Element" library="SeleniumLibrary">
<arg>xpath://*[@id="tooleamazonmarkettool_form"]/div/div[1]/ul/li[5]/a</arg>
<doc>Click the element identified by ``locator``.</doc>
<status status="NOT RUN" starttime="20230817 17:31:56.900" endtime="20230817 17:31:56.900"/>
</kw>
<kw name="Page Should Contain Element" library="SeleniumLibrary">
<arg>xpath://*[@id="us-west-2_enable"]</arg>
<doc>Verifies that element ``locator`` is found on the current page.</doc>
<status status="NOT RUN" starttime="20230817 17:31:56.900" endtime="20230817 17:31:56.900"/>
</kw>
<kw name="Click Element" library="SeleniumLibrary">
<arg>xpath://*[@id="us-west-2_enable"]</arg>
<doc>Click the element identified by ``locator``.</doc>
<status status="NOT RUN" starttime="20230817 17:31:56.901" endtime="20230817 17:31:56.901"/>
</kw>
<kw name="Page Should Contain" library="SeleniumLibrary">
<arg>Seller Central Authoirization</arg>
<doc>Verifies that current page contains ``text``.</doc>
<status status="NOT RUN" starttime="20230817 17:31:56.901" endtime="20230817 17:31:56.901"/>
</kw>
<kw name="Click Element" library="SeleniumLibrary">
<arg>xpath://*[@id="tooleamazonmarkettool_form"]/div/div[1]/ul/li[6]/a</arg>
<doc>Click the element identified by ``locator``.</doc>
<status status="NOT RUN" starttime="20230817 17:31:56.902" endtime="20230817 17:31:56.902"/>
</kw>
<kw name="Page Should Contain" library="SeleniumLibrary">
<arg>Fulfill orders status</arg>
<doc>Verifies that current page contains ``text``.</doc>
<status status="NOT RUN" starttime="20230817 17:31:56.902" endtime="20230817 17:31:56.903"/>
</kw>
<kw name="Click Element" library="SeleniumLibrary">
<arg>xpath://*[@id="tooleamazonmarkettool_form"]/div/div[1]/ul/li[7]/a</arg>
<doc>Click the element identified by ``locator``.</doc>
<status status="NOT RUN" starttime="20230817 17:31:56.903" endtime="20230817 17:31:56.903"/>
</kw>
<kw name="Page Should Contain" library="SeleniumLibrary">
<arg>Use Shipping Template</arg>
<doc>Verifies that current page contains ``text``.</doc>
<status status="NOT RUN" starttime="20230817 17:31:56.903" endtime="20230817 17:31:56.904"/>
</kw>
<kw name="Click Element" library="SeleniumLibrary">
<arg>xpath://*[@id="tooleamazonmarkettool_form"]/div/div[1]/ul/li[8]/a</arg>
<doc>Click the element identified by ``locator``.</doc>
<status status="NOT RUN" starttime="20230817 17:31:56.904" endtime="20230817 17:31:56.904"/>
</kw>
<kw name="Page Should Contain" library="SeleniumLibrary">
<arg>Sync Products From Prestashop</arg>
<doc>Verifies that current page contains ``text``.</doc>
<status status="NOT RUN" starttime="20230817 17:31:56.904" endtime="20230817 17:31:56.905"/>
</kw>
<kw name="Click Element" library="SeleniumLibrary">
<arg>xpath://*[@id="tooleamazonmarkettool_form"]/div/div[1]/ul/li[9]/a</arg>
<doc>Click the element identified by ``locator``.</doc>
<status status="NOT RUN" starttime="20230817 17:31:56.905" endtime="20230817 17:31:56.905"/>
</kw>
<kw name="Page Should Contain" library="SeleniumLibrary">
<arg>Prestashop Service API URL</arg>
<doc>Verifies that current page contains ``text``.</doc>
<status status="NOT RUN" starttime="20230817 17:31:56.906" endtime="20230817 17:31:56.906"/>
</kw>
<kw name="Click Element" library="SeleniumLibrary">
<arg>xpath://*[@id="tooleamazonmarkettool_form"]/div/div[1]/ul/li[10]/a</arg>
<doc>Click the element identified by ``locator``.</doc>
<status status="NOT RUN" starttime="20230817 17:31:56.906" endtime="20230817 17:31:56.906"/>
</kw>
<kw name="Page Should Contain" library="SeleniumLibrary">
<arg>Help Center</arg>
<doc>Verifies that current page contains ``text``.</doc>
<status status="NOT RUN" starttime="20230817 17:31:56.906" endtime="20230817 17:31:56.906"/>
</kw>
<status status="FAIL" starttime="20230817 17:31:56.642" endtime="20230817 17:31:56.906">Element with locator 'xpath://*[@id="tooleamazonmarkettool_form"]/div/div[1]/ul/li[2]/a' not found.</status>
</test>
<test id="s1-t3" name="Close Browser" line="67">
<kw name="Close Browser" library="SeleniumLibrary">
<doc>Closes the current browser.</doc>
<status status="PASS" starttime="20230817 17:31:56.908" endtime="20230817 17:31:59.225"/>
</kw>
<status status="PASS" starttime="20230817 17:31:56.907" endtime="20230817 17:31:59.225"/>
</test>
<doc>ATM - ToolE</doc>
<status status="FAIL" starttime="20230817 17:28:37.144" endtime="20230817 17:31:59.227"/>
</suite>
<statistics>
<total>
<stat pass="1" fail="2" skip="0">All Tests</stat>
</total>
<tag>
</tag>
<suite>
<stat pass="1" fail="2" skip="0" id="s1" name="Installation">Installation</stat>
</suite>
</statistics>
<errors>
<msg timestamp="20230817 17:28:37.633" level="WARN">Imported library 'AutoItLibrary3' contains no keywords.</msg>
<msg timestamp="20230817 17:28:38.581" level="WARN">The chromedriver version (115.0.5790.170) detected in PATH at C:\Users\nhtnguyen\Browserdriver\chromedriver-win64\chromedriver.exe might not be compatible with the detected chrome version (116.0.5845.97); currently, chromedriver 116.0.5845.96 is recommended for chrome 116.*, so it is advised to delete the driver in PATH and retry</msg>
</errors>
</robot>
