<?xml version="1.0" encoding="UTF-8"?>
<robot generator="Robot 6.1.1 (Python 3.11.4 on win32)" generated="20230829 14:39:44.907" rpa="false" schemaversion="4">
<suite id="s1" name="Debug" source="C:\Users\nhtnguyen\PycharmProjects\Automation_ToolE\TestCase\debug.robot">
<test id="s1-t1" name="Debug" line="12">
<kw name="Open Browser, Log in and verify landing page">
<kw name="Open Browser" library="SeleniumLibrary">
<arg>${URL}</arg>
<arg>${BROWSER}</arg>
<doc>Opens a new browser instance to the optional ``url``.</doc>
<msg timestamp="20230829 14:39:45.454" level="INFO">Opening browser 'Chrome' to base url 'http://presta804.local/admin804'.</msg>
<msg timestamp="20230829 14:39:46.076" level="WARN">The chromedriver version (115.0.5790.170) detected in PATH at C:\Users\nhtnguyen\Browserdriver\chromedriver-win64\chromedriver.exe might not be compatible with the detected chrome version (116.0.5845.111); currently, chromedriver 116.0.5845.96 is recommended for chrome 116.*, so it is advised to delete the driver in PATH and retry</msg>
<status status="PASS" starttime="20230829 14:39:45.453" endtime="20230829 14:39:49.986"/>
</kw>
<kw name="Maximize Browser Window" library="SeleniumLibrary">
<doc>Maximizes current browser window.</doc>
<status status="PASS" starttime="20230829 14:39:49.987" endtime="20230829 14:39:50.104"/>
</kw>
<kw name="Page Should Contain Element" library="SeleniumLibrary">
<arg>xpath://*[@id="logo"]</arg>
<doc>Verifies that element ``locator`` is found on the current page.</doc>
<msg timestamp="20230829 14:39:50.120" level="INFO">Current page contains element 'xpath://*[@id="logo"]'.</msg>
<status status="PASS" starttime="20230829 14:39:50.105" endtime="20230829 14:39:50.120"/>
</kw>
<kw name="Input Text" library="SeleniumLibrary">
<arg>xpath://*[@id="email"]</arg>
<arg>tester@inter-soft.com</arg>
<doc>Types the given ``text`` into the text field identified by ``locator``.</doc>
<msg timestamp="20230829 14:39:50.121" level="INFO">Typing text 'tester@inter-soft.com' into text field 'xpath://*[@id="email"]'.</msg>
<status status="PASS" starttime="20230829 14:39:50.121" endtime="20230829 14:39:50.286"/>
</kw>
<kw name="Input Password" library="SeleniumLibrary">
<arg>xpath://*[@id="passwd"]</arg>
<arg>Nguyen@211220</arg>
<doc>Types the given password into the text field identified by ``locator``.</doc>
<msg timestamp="20230829 14:39:50.288" level="INFO">Typing password into text field 'xpath://*[@id="passwd"]'.</msg>
<msg timestamp="20230829 14:39:50.328" level="INFO">Temporally setting log level to: NONE</msg>
<msg timestamp="20230829 14:39:50.412" level="INFO">Log level changed from NONE to INFO.</msg>
<status status="PASS" starttime="20230829 14:39:50.287" endtime="20230829 14:39:50.412"/>
</kw>
<kw name="Click Button" library="SeleniumLibrary">
<arg>xpath://*[@id="submit_login"]</arg>
<doc>Clicks the button identified by ``locator``.</doc>
<msg timestamp="20230829 14:39:50.414" level="INFO">Clicking button 'xpath://*[@id="submit_login"]'.</msg>
<status status="PASS" starttime="20230829 14:39:50.413" endtime="20230829 14:39:50.506"/>
</kw>
<kw name="Wait Until Element Is Visible" library="SeleniumLibrary">
<arg>xpath://*[@id="content"]/div[1]/div/div/h1</arg>
<doc>Waits until the element ``locator`` is visible.</doc>
<status status="PASS" starttime="20230829 14:39:50.507" endtime="20230829 14:39:56.857"/>
</kw>
<status status="PASS" starttime="20230829 14:39:45.452" endtime="20230829 14:39:56.858"/>
</kw>
<kw name="Click Element" library="SeleniumLibrary">
<arg>xpath://*[@id="subtab-AdminParentModulesSf"]/a</arg>
<doc>Click the element identified by ``locator``.</doc>
<msg timestamp="20230829 14:39:56.860" level="INFO">Clicking element 'xpath://*[@id="subtab-AdminParentModulesSf"]/a'.</msg>
<status status="PASS" starttime="20230829 14:39:56.858" endtime="20230829 14:39:56.977"/>
</kw>
<kw name="Wait Until Element Is Visible" library="SeleniumLibrary">
<arg>xpath://*[@id="subtab-AdminParentModulesSf"]/a</arg>
<doc>Waits until the element ``locator`` is visible.</doc>
<status status="PASS" starttime="20230829 14:39:56.977" endtime="20230829 14:39:57.032"/>
</kw>
<kw name="Click Link" library="SeleniumLibrary">
<arg>xpath://*[@id="subtab-AdminModulesSf"]/a</arg>
<doc>Clicks a link identified by ``locator``.</doc>
<msg timestamp="20230829 14:39:57.034" level="INFO">Clicking link 'xpath://*[@id="subtab-AdminModulesSf"]/a'.</msg>
<status status="PASS" starttime="20230829 14:39:57.033" endtime="20230829 14:40:04.248"/>
</kw>
<kw name="Wait Until Element Is Visible" library="SeleniumLibrary">
<arg>xpath://*[@src="/modules/tooleamazonmarkettool/logo.png"]</arg>
<doc>Waits until the element ``locator`` is visible.</doc>
<status status="PASS" starttime="20230829 14:40:04.249" endtime="20230829 14:40:04.291"/>
</kw>
<status status="PASS" starttime="20230829 14:39:45.451" endtime="20230829 14:40:04.292"/>
</test>
<doc>ATM - ToolE</doc>
<status status="PASS" starttime="20230829 14:39:44.911" endtime="20230829 14:40:04.293"/>
</suite>
<statistics>
<total>
<stat pass="1" fail="0" skip="0">All Tests</stat>
</total>
<tag>
</tag>
<suite>
<stat pass="1" fail="0" skip="0" id="s1" name="Debug">Debug</stat>
</suite>
</statistics>
<errors>
<msg timestamp="20230829 14:39:46.076" level="WARN">The chromedriver version (115.0.5790.170) detected in PATH at C:\Users\nhtnguyen\Browserdriver\chromedriver-win64\chromedriver.exe might not be compatible with the detected chrome version (116.0.5845.111); currently, chromedriver 116.0.5845.96 is recommended for chrome 116.*, so it is advised to delete the driver in PATH and retry</msg>
</errors>
</robot>
